Place animal, position: (2,2)
 y\x  0 1 2 3 4 5 6 7
 10: -----------------
  9: | | |*| | | | | |
  8: | | | | | | |*| |
  7: | | | | | | | | |
  6: | | | | | | | | |
  5: | | | |*| | | | |
  4: | | | | |*| | | |
  3: | | | |*| | | | |
  2: |*| |N| | | | | |
  1: | | |*| | | | |*|
  0: | | | | | | | |*|
 -1: -----------------


Place animal, position: (3,4)
 y\x  0 1 2 3 4 5 6 7
 10: -----------------
  9: | | |*| | | | | |
  8: | | | | | | |*| |
  7: | | | | | | | | |
  6: | | | | | | | | |
  5: | | | |*| | | | |
  4: | | | |N|*| | | |
  3: | | | |*| | | | |
  2: |*| |N| | | | | |
  1: | | |*| | | | |*|
  0: | | | | | | | |*|
 -1: -----------------


Move animal from: (2,2) to: (2,3) direction: NORTH
 y\x  0 1 2 3 4 5 6 7
 10: -----------------
  9: | | |*| | | | | |
  8: | | | | | | |*| |
  7: | | | | | | | | |
  6: | | | | | | | | |
  5: | | | |*| | | | |
  4: | | | |N|*| | | |
  3: | | |N|*| | | | |
  2: |*| |*| | | | | |
  1: | | |*| | | | |*|
  0: | | | | | | | |*|
 -1: -----------------


Move animal from: (3,4) to: (3,5) direction: NORTH
 y\x  0 1 2 3 4 5 6 7
 10: -----------------
  9: | | |*| | | | | |
  8: | | | | | | |*| |
  7: | | | | | | | | |
  6: | | | | | | | | |
  5: | | | |N| | | | |
  4: | | | | |*| | | |
  3: | | |N|*| | | | |
  2: |*| |*| | | | | |
  1: | | |*| | | | |*|
  0: | | | | | | | |*|
 -1: -----------------


Move animal from: (2,3) to: (2,4) direction: NORTH
 y\x  0 1 2 3 4 5 6 7
 10: -----------------
  9: | | |*| | | | | |
  8: | | | | | | |*| |
  7: | | | | | | | | |
  6: | | | | | | | | |
  5: | | | |N| | | | |
  4: | | |N| |*| | | |
  3: | | | |*| | | | |
  2: |*| |*| | | | | |
  1: | | |*| | | | |*|
  0: | | | | | | | |*|
 -1: -----------------


Place animal, position: (2,2)
 y\x  0 1 2 3 4 5 6 7 8 9
 10: ---------------------
  9: |*| | | | | | | | | |
  8: | | |*| | | | | | | |
  7: | | | |*| | | | | |*|
  6: | | | | | | | | | | |
  5: | |*| |*| | |*| | | |
  4: | | | | | | | | | | |
  3: | | | | | | | | | | |
  2: | | |N|*| | | | | | |
  1: | | | | |*| | | | | |
  0: | |*| | | | | | | | |
 -1: ---------------------


Place animal, position: (3,4)
 y\x  0 1 2 3 4 5 6 7 8 9
 10: ---------------------
  9: |*| | | | | | | | | |
  8: | | |*| | | | | | | |
  7: | | | |*| | | | | |*|
  6: | | | | | | | | | | |
  5: | |*| |*| | |*| | | |
  4: | | | |N| | | | | | |
  3: | | | | | | | | | | |
  2: | | |N|*| | | | | | |
  1: | | | | |*| | | | | |
  0: | |*| | | | | | | | |
 -1: ---------------------


Move animal from: (2,2) to: (2,3) direction: NORTH
 y\x  0 1 2 3 4 5 6 7 8 9
 10: ---------------------
  9: |*| | | | | | | | | |
  8: | | |*| | | | | | | |
  7: | | | |*| | | | | |*|
  6: | | | | | | | | | | |
  5: | |*| |*| | |*| | | |
  4: | | | |N| | | | | | |
  3: | | |N| | | | | | | |
  2: | | | |*| | | | | | |
  1: | | | | |*| | | | | |
  0: | |*| | | | | | | | |
 -1: ---------------------


Move animal from: (3,4) to: (3,5) direction: NORTH
 y\x  0 1 2 3 4 5 6 7 8 9
 10: ---------------------
  9: |*| | | | | | | | | |
  8: | | |*| | | | | | | |
  7: | | | |*| | | | | |*|
  6: | | | | | | | | | | |
  5: | |*| |N| | |*| | | |
  4: | | | | | | | | | | |
  3: | | |N| | | | | | | |
  2: | | | |*| | | | | | |
  1: | | | | |*| | | | | |
  0: | |*| | | | | | | | |
 -1: ---------------------


Move animal from: (2,3) to: (2,4) direction: NORTH
 y\x  0 1 2 3 4 5 6 7 8 9
 10: ---------------------
  9: |*| | | | | | | | | |
  8: | | |*| | | | | | | |
  7: | | | |*| | | | | |*|
  6: | | | | | | | | | | |
  5: | |*| |N| | |*| | | |
  4: | | |N| | | | | | | |
  3: | | | | | | | | | | |
  2: | | | |*| | | | | | |
  1: | | | | |*| | | | | |
  0: | |*| | | | | | | | |
 -1: ---------------------


Move animal from: (3,5) to: (3,6) direction: NORTH
 y\x  0 1 2 3 4 5 6 7 8 9
 10: ---------------------
  9: |*| | | | | | | | | |
  8: | | |*| | | | | | | |
  7: | | | |*| | | | | |*|
  6: | | | |N| | | | | | |
  5: | |*| |*| | |*| | | |
  4: | | |N| | | | | | | |
  3: | | | | | | | | | | |
  2: | | | |*| | | | | | |
  1: | | | | |*| | | | | |
  0: | |*| | | | | | | | |
 -1: ---------------------


Place animal, position: (2,2)
 y\x  2 3 4 5 6 7 8
 10: ---------------
  9: | | | | |*| |*|
  8: | |*| | | | | |
  7: | | |*|*| | | |
  6: | | |*| | | | |
  5: | | | | |*| | |
  4: |*| | | | | | |
  3: | | | | | | | |
  2: |N| | | | | |*|
  1: |*| | | | | | |
  0: ---------------


Place animal, position: (3,4)
 y\x  2 3 4 5 6 7 8
 10: ---------------
  9: | | | | |*| |*|
  8: | |*| | | | | |
  7: | | |*|*| | | |
  6: | | |*| | | | |
  5: | | | | |*| | |
  4: |*|N| | | | | |
  3: | | | | | | | |
  2: |N| | | | | |*|
  1: |*| | | | | | |
  0: ---------------


Move animal from: (2,2) to: (2,3) direction: NORTH
 y\x  2 3 4 5 6 7 8
 10: ---------------
  9: | | | | |*| |*|
  8: | |*| | | | | |
  7: | | |*|*| | | |
  6: | | |*| | | | |
  5: | | | | |*| | |
  4: |*|N| | | | | |
  3: |N| | | | | | |
  2: | | | | | | |*|
  1: |*| | | | | | |
  0: ---------------


Move animal from: (3,4) to: (3,5) direction: NORTH
 y\x  2 3 4 5 6 7 8
 10: ---------------
  9: | | | | |*| |*|
  8: | |*| | | | | |
  7: | | |*|*| | | |
  6: | | |*| | | | |
  5: | |N| | |*| | |
  4: |*| | | | | | |
  3: |N| | | | | | |
  2: | | | | | | |*|
  1: |*| | | | | | |
  0: ---------------


Move animal from: (2,3) to: (2,4) direction: NORTH
 y\x  2 3 4 5 6 7 8
 10: ---------------
  9: | | | | |*| |*|
  8: | |*| | | | | |
  7: | | |*|*| | | |
  6: | | |*| | | | |
  5: | |N| | |*| | |
  4: |N| | | | | | |
  3: | | | | | | | |
  2: | | | | | | |*|
  1: |*| | | | | | |
  0: ---------------


Move animal from: (3,5) to: (3,6) direction: NORTH
 y\x  2 3 4 5 6 7 8
 10: ---------------
  9: | | | | |*| |*|
  8: | |*| | | | | |
  7: | | |*|*| | | |
  6: | |N|*| | | | |
  5: | | | | |*| | |
  4: |N| | | | | | |
  3: | | | | | | | |
  2: | | | | | | |*|
  1: |*| | | | | | |
  0: ---------------


Place animal, position: (2,2)
 y\x  0 1 2 3 4 5 6 7 8 9
  8: ---------------------
  7: |*| | | | | | | | | |
  6: | | | | | |*|*| |*|*|
  5: | | | | | | | | | | |
  4: | | | | | | | | | | |
  3: | | | | | | | | | | |
  2: | | |N| | | | | | | |
  1: | | | | |*| | | | | |
  0: | |*| | |*| | | |*| |
 -1: ---------------------


Place animal, position: (3,4)
 y\x  0 1 2 3 4 5 6 7 8 9
  8: ---------------------
  7: |*| | | | | | | | | |
  6: | | | | | |*|*| |*|*|
  5: | | | | | | | | | | |
  4: | | | |N| | | | | | |
  3: | | | | | | | | | | |
  2: | | |N| | | | | | | |
  1: | | | | |*| | | | | |
  0: | |*| | |*| | | |*| |
 -1: ---------------------


Move animal from: (2,2) to: (2,3) direction: NORTH
 y\x  0 1 2 3 4 5 6 7 8 9
  8: ---------------------
  7: |*| | | | | | | | | |
  6: | | | | | |*|*| |*|*|
  5: | | | | | | | | | | |
  4: | | | |N| | | | | | |
  3: | | |N| | | | | | | |
  2: | | |*| | | | | | | |
  1: | | | | |*| | | | | |
  0: | |*| | |*| | | |*| |
 -1: ---------------------


Move animal from: (3,4) to: (3,5) direction: NORTH
 y\x  0 1 2 3 4 5 6 7 8 9
  8: ---------------------
  7: |*| | | | | | | | | |
  6: | | | | | |*|*| |*|*|
  5: | | | |N| | | | | | |
  4: | | | | | | | | | | |
  3: | | |N| | | | | | | |
  2: | | |*| | | | | | | |
  1: | | | | |*| | | | | |
  0: | |*| | |*| | | |*| |
 -1: ---------------------


Move animal from: (2,3) to: (2,4) direction: NORTH
 y\x  0 1 2 3 4 5 6 7 8 9
  8: ---------------------
  7: |*| | | | | | | | | |
  6: | | | | | |*|*| |*|*|
  5: | | | |N| | | | | | |
  4: | | |N| | | | | | | |
  3: | | | | | | | | | | |
  2: | | |*| | | | | | | |
  1: | | | | |*| | | | | |
  0: | |*| | |*| | | |*| |
 -1: ---------------------


Move animal from: (3,5) to: (3,6) direction: NORTH
 y\x  0 1 2 3 4 5 6 7 8 9
  8: ---------------------
  7: |*| | | | | | | | | |
  6: | | | |N| |*|*| |*|*|
  5: | | | | | | | | | | |
  4: | | |N| | | | | | | |
  3: | | | | | | | | | | |
  2: | | |*| | | | | | | |
  1: | | | | |*| | | | | |
  0: | |*| | |*| | | |*| |
 -1: ---------------------


Move animal from: (2,4) to: (2,5) direction: NORTH
 y\x  0 1 2 3 4 5 6 7 8 9
  8: ---------------------
  7: |*| | | | | | | | | |
  6: | | | |N| |*|*| |*|*|
  5: | | |N| | | | | | | |
  4: | | | | | | | | | | |
  3: | | | | | | | | | | |
  2: | | |*| | | | | | | |
  1: | | | | |*| | | | | |
  0: | |*| | |*| | | |*| |
 -1: ---------------------


Place animal, position: (2,2)
 y\x  2 3 4 5 6 7 8 9
 10: -----------------
  9: | |*|*| | | | | |
  8: |*| | | | | | |*|
  7: | |*| | | | |*| |
  6: | | | | | |*| | |
  5: | | | | | | | | |
  4: |*| | | | | | | |
  3: | | | | | | | | |
  2: |N| | | | |*| | |
  1: | | | | | | | | |
  0: | | | | | |*| | |
 -1: -----------------


Place animal, position: (3,4)
 y\x  2 3 4 5 6 7 8 9
 10: -----------------
  9: | |*|*| | | | | |
  8: |*| | | | | | |*|
  7: | |*| | | | |*| |
  6: | | | | | |*| | |
  5: | | | | | | | | |
  4: |*|N| | | | | | |
  3: | | | | | | | | |
  2: |N| | | | |*| | |
  1: | | | | | | | | |
  0: | | | | | |*| | |
 -1: -----------------


Move animal from: (2,2) to: (2,3) direction: NORTH
 y\x  2 3 4 5 6 7 8 9
 10: -----------------
  9: | |*|*| | | | | |
  8: |*| | | | | | |*|
  7: | |*| | | | |*| |
  6: | | | | | |*| | |
  5: | | | | | | | | |
  4: |*|N| | | | | | |
  3: |N| | | | | | | |
  2: | | | | | |*| | |
  1: | | | | | | | | |
  0: | | | | | |*| | |
 -1: -----------------


Move animal from: (3,4) to: (3,5) direction: NORTH
 y\x  2 3 4 5 6 7 8 9
 10: -----------------
  9: | |*|*| | | | | |
  8: |*| | | | | | |*|
  7: | |*| | | | |*| |
  6: | | | | | |*| | |
  5: | |N| | | | | | |
  4: |*| | | | | | | |
  3: |N| | | | | | | |
  2: | | | | | |*| | |
  1: | | | | | | | | |
  0: | | | | | |*| | |
 -1: -----------------


Move animal from: (2,3) to: (2,4) direction: NORTH
 y\x  2 3 4 5 6 7 8 9
 10: -----------------
  9: | |*|*| | | | | |
  8: |*| | | | | | |*|
  7: | |*| | | | |*| |
  6: | | | | | |*| | |
  5: | |N| | | | | | |
  4: |N| | | | | | | |
  3: | | | | | | | | |
  2: | | | | | |*| | |
  1: | | | | | | | | |
  0: | | | | | |*| | |
 -1: -----------------


Move animal from: (3,5) to: (3,6) direction: NORTH
 y\x  2 3 4 5 6 7 8 9
 10: -----------------
  9: | |*|*| | | | | |
  8: |*| | | | | | |*|
  7: | |*| | | | |*| |
  6: | |N| | | |*| | |
  5: | | | | | | | | |
  4: |N| | | | | | | |
  3: | | | | | | | | |
  2: | | | | | |*| | |
  1: | | | | | | | | |
  0: | | | | | |*| | |
 -1: -----------------


Move animal from: (2,4) to: (2,5) direction: NORTH
 y\x  2 3 4 5 6 7 8 9
 10: -----------------
  9: | |*|*| | | | | |
  8: |*| | | | | | |*|
  7: | |*| | | | |*| |
  6: | |N| | | |*| | |
  5: |N| | | | | | | |
  4: |*| | | | | | | |
  3: | | | | | | | | |
  2: | | | | | |*| | |
  1: | | | | | | | | |
  0: | | | | | |*| | |
 -1: -----------------


Move animal from: (3,6) to: (3,7) direction: NORTH
 y\x  2 3 4 5 6 7 8 9
 10: -----------------
  9: | |*|*| | | | | |
  8: |*| | | | | | |*|
  7: | |N| | | | |*| |
  6: | | | | | |*| | |
  5: |N| | | | | | | |
  4: |*| | | | | | | |
  3: | | | | | | | | |
  2: | | | | | |*| | |
  1: | | | | | | | | |
  0: | | | | | |*| | |
 -1: -----------------


Move animal from: (2,5) to: (2,6) direction: NORTH
 y\x  2 3 4 5 6 7 8 9
 10: -----------------
  9: | |*|*| | | | | |
  8: |*| | | | | | |*|
  7: | |N| | | | |*| |
  6: |N| | | | |*| | |
  5: | | | | | | | | |
  4: |*| | | | | | | |
  3: | | | | | | | | |
  2: | | | | | |*| | |
  1: | | | | | | | | |
  0: | | | | | |*| | |
 -1: -----------------


Move animal from: (3,7) to: (3,8) direction: NORTH
 y\x  2 3 4 5 6 7 8 9
 10: -----------------
  9: | |*|*| | | | | |
  8: |*|N| | | | | |*|
  7: | |*| | | | |*| |
  6: |N| | | | |*| | |
  5: | | | | | | | | |
  4: |*| | | | | | | |
  3: | | | | | | | | |
  2: | | | | | |*| | |
  1: | | | | | | | | |
  0: | | | | | |*| | |
 -1: -----------------


Move animal from: (2,6) to: (2,7) direction: NORTH
 y\x  2 3 4 5 6 7 8 9
 10: -----------------
  9: | |*|*| | | | | |
  8: |*|N| | | | | |*|
  7: |N|*| | | | |*| |
  6: | | | | | |*| | |
  5: | | | | | | | | |
  4: |*| | | | | | | |
  3: | | | | | | | | |
  2: | | | | | |*| | |
  1: | | | | | | | | |
  0: | | | | | |*| | |
 -1: -----------------


Place animal, position: (2,2)
 y\x  0 1 2 3 4 5 6 7 8 9
  8: ---------------------
  7: | | | | | | | | |*| |
  6: |*| |*| | | | | | | |
  5: | | | | |*| | | | | |
  4: |*| | | | | | | | | |
  3: | | | | | | | | | |*|
  2: | |*|N| | | |*| | | |
  1: | | | | | | | |*|*| |
  0: ---------------------


Place animal, position: (3,4)
 y\x  0 1 2 3 4 5 6 7 8 9
  8: ---------------------
  7: | | | | | | | | |*| |
  6: |*| |*| | | | | | | |
  5: | | | | |*| | | | | |
  4: |*| | |N| | | | | | |
  3: | | | | | | | | | |*|
  2: | |*|N| | | |*| | | |
  1: | | | | | | | |*|*| |
  0: ---------------------


Move animal from: (2,2) to: (2,3) direction: NORTH
 y\x  0 1 2 3 4 5 6 7 8 9
  8: ---------------------
  7: | | | | | | | | |*| |
  6: |*| |*| | | | | | | |
  5: | | | | |*| | | | | |
  4: |*| | |N| | | | | | |
  3: | | |N| | | | | | |*|
  2: | |*| | | | |*| | | |
  1: | | | | | | | |*|*| |
  0: ---------------------


Move animal from: (3,4) to: (3,5) direction: NORTH
 y\x  0 1 2 3 4 5 6 7 8 9
  8: ---------------------
  7: | | | | | | | | |*| |
  6: |*| |*| | | | | | | |
  5: | | | |N|*| | | | | |
  4: |*| | | | | | | | | |
  3: | | |N| | | | | | |*|
  2: | |*| | | | |*| | | |
  1: | | | | | | | |*|*| |
  0: ---------------------


Move animal from: (2,3) to: (2,4) direction: NORTH
 y\x  0 1 2 3 4 5 6 7 8 9
  8: ---------------------
  7: | | | | | | | | |*| |
  6: |*| |*| | | | | | | |
  5: | | | |N|*| | | | | |
  4: |*| |N| | | | | | | |
  3: | | | | | | | | | |*|
  2: | |*| | | | |*| | | |
  1: | | | | | | | |*|*| |
  0: ---------------------


Move animal from: (3,5) to: (3,6) direction: NORTH
 y\x  0 1 2 3 4 5 6 7 8 9
  8: ---------------------
  7: | | | | | | | | |*| |
  6: |*| |*|N| | | | | | |
  5: | | | | |*| | | | | |
  4: |*| |N| | | | | | | |
  3: | | | | | | | | | |*|
  2: | |*| | | | |*| | | |
  1: | | | | | | | |*|*| |
  0: ---------------------


Move animal from: (2,4) to: (2,5) direction: NORTH
 y\x  0 1 2 3 4 5 6 7 8 9
  8: ---------------------
  7: | | | | | | | | |*| |
  6: |*| |*|N| | | | | | |
  5: | | |N| |*| | | | | |
  4: |*| | | | | | | | | |
  3: | | | | | | | | | |*|
  2: | |*| | | | |*| | | |
  1: | | | | | | | |*|*| |
  0: ---------------------


Place animal, position: (2,2)
 y\x  0 1 2 3 4 5 6 7 8 9
  9: ---------------------
  8: |*| | | | | | | | | |
  7: | | |*| | | | | | | |
  6: | | | | | |*| | | | |
  5: | | | |*| | | | | | |
  4: | | | | | | | | | | |
  3: |*| |*| | | | | | | |
  2: | | |N| | | | | |*| |
  1: | | | | | | | | | |*|
  0: | |*| | | | | | |*| |
 -1: ---------------------


Place animal, position: (3,4)
 y\x  0 1 2 3 4 5 6 7 8 9
  9: ---------------------
  8: |*| | | | | | | | | |
  7: | | |*| | | | | | | |
  6: | | | | | |*| | | | |
  5: | | | |*| | | | | | |
  4: | | | |N| | | | | | |
  3: |*| |*| | | | | | | |
  2: | | |N| | | | | |*| |
  1: | | | | | | | | | |*|
  0: | |*| | | | | | |*| |
 -1: ---------------------


Move animal from: (2,2) to: (2,3) direction: NORTH
 y\x  0 1 2 3 4 5 6 7 8 9
  9: ---------------------
  8: |*| | | | | | | | | |
  7: | | |*| | | | | | | |
  6: | | | | | |*| | | | |
  5: | | | |*| | | | | | |
  4: | | | |N| | | | | | |
  3: |*| |N| | | | | | | |
  2: | | | | | | | | |*| |
  1: | | | | | | | | | |*|
  0: | |*| | | | | | |*| |
 -1: ---------------------


Move animal from: (3,4) to: (3,5) direction: NORTH
 y\x  0 1 2 3 4 5 6 7 8 9
  9: ---------------------
  8: |*| | | | | | | | | |
  7: | | |*| | | | | | | |
  6: | | | | | |*| | | | |
  5: | | | |N| | | | | | |
  4: | | | | | | | | | | |
  3: |*| |N| | | | | | | |
  2: | | | | | | | | |*| |
  1: | | | | | | | | | |*|
  0: | |*| | | | | | |*| |
 -1: ---------------------


Move animal from: (2,3) to: (2,4) direction: NORTH
 y\x  0 1 2 3 4 5 6 7 8 9
  9: ---------------------
  8: |*| | | | | | | | | |
  7: | | |*| | | | | | | |
  6: | | | | | |*| | | | |
  5: | | | |N| | | | | | |
  4: | | |N| | | | | | | |
  3: |*| |*| | | | | | | |
  2: | | | | | | | | |*| |
  1: | | | | | | | | | |*|
  0: | |*| | | | | | |*| |
 -1: ---------------------


Move animal from: (3,5) to: (3,6) direction: NORTH
 y\x  0 1 2 3 4 5 6 7 8 9
  9: ---------------------
  8: |*| | | | | | | | | |
  7: | | |*| | | | | | | |
  6: | | | |N| |*| | | | |
  5: | | | |*| | | | | | |
  4: | | |N| | | | | | | |
  3: |*| |*| | | | | | | |
  2: | | | | | | | | |*| |
  1: | | | | | | | | | |*|
  0: | |*| | | | | | |*| |
 -1: ---------------------


Move animal from: (2,4) to: (2,5) direction: NORTH
 y\x  0 1 2 3 4 5 6 7 8 9
  9: ---------------------
  8: |*| | | | | | | | | |
  7: | | |*| | | | | | | |
  6: | | | |N| |*| | | | |
  5: | | |N|*| | | | | | |
  4: | | | | | | | | | | |
  3: |*| |*| | | | | | | |
  2: | | | | | | | | |*| |
  1: | | | | | | | | | |*|
  0: | |*| | | | | | |*| |
 -1: ---------------------


Place animal, position: (2,2)
 y\x  0 1 2 3 4 5 6 7 8
 10: -------------------
  9: | |*|*| | | | | | |
  8: |*| | | | | | | | |
  7: | | | | | | | | | |
  6: | | | | | | | |*| |
  5: | | | | | |*| | | |
  4: | | | | | | | | | |
  3: | | | |*|*| | | | |
  2: | | |N| | | |*|*| |
  1: | | | | | | | | |*|
  0: -------------------


Place animal, position: (3,4)
 y\x  0 1 2 3 4 5 6 7 8
 10: -------------------
  9: | |*|*| | | | | | |
  8: |*| | | | | | | | |
  7: | | | | | | | | | |
  6: | | | | | | | |*| |
  5: | | | | | |*| | | |
  4: | | | |N| | | | | |
  3: | | | |*|*| | | | |
  2: | | |N| | | |*|*| |
  1: | | | | | | | | |*|
  0: -------------------


Move animal from: (2,2) to: (2,3) direction: NORTH
 y\x  0 1 2 3 4 5 6 7 8
 10: -------------------
  9: | |*|*| | | | | | |
  8: |*| | | | | | | | |
  7: | | | | | | | | | |
  6: | | | | | | | |*| |
  5: | | | | | |*| | | |
  4: | | | |N| | | | | |
  3: | | |N|*|*| | | | |
  2: | | | | | | |*|*| |
  1: | | | | | | | | |*|
  0: -------------------


Move animal from: (3,4) to: (3,5) direction: NORTH
 y\x  0 1 2 3 4 5 6 7 8
 10: -------------------
  9: | |*|*| | | | | | |
  8: |*| | | | | | | | |
  7: | | | | | | | | | |
  6: | | | | | | | |*| |
  5: | | | |N| |*| | | |
  4: | | | | | | | | | |
  3: | | |N|*|*| | | | |
  2: | | | | | | |*|*| |
  1: | | | | | | | | |*|
  0: -------------------


Move animal from: (2,3) to: (2,4) direction: NORTH
 y\x  0 1 2 3 4 5 6 7 8
 10: -------------------
  9: | |*|*| | | | | | |
  8: |*| | | | | | | | |
  7: | | | | | | | | | |
  6: | | | | | | | |*| |
  5: | | | |N| |*| | | |
  4: | | |N| | | | | | |
  3: | | | |*|*| | | | |
  2: | | | | | | |*|*| |
  1: | | | | | | | | |*|
  0: -------------------


Move animal from: (3,5) to: (3,6) direction: NORTH
 y\x  0 1 2 3 4 5 6 7 8
 10: -------------------
  9: | |*|*| | | | | | |
  8: |*| | | | | | | | |
  7: | | | | | | | | | |
  6: | | | |N| | | |*| |
  5: | | | | | |*| | | |
  4: | | |N| | | | | | |
  3: | | | |*|*| | | | |
  2: | | | | | | |*|*| |
  1: | | | | | | | | |*|
  0: -------------------


Place animal, position: (2,2)
 y\x  1 2 3 4 5 6 7 8 9
 10: -------------------
  9: | | | |*| | | | | |
  8: | | | | | | | | | |
  7: | | | | | | | | | |
  6: | |*| | | | | | | |
  5: | | | | |*| | | |*|
  4: | | | | | | | | | |
  3: | | | |*| | | | | |
  2: | |N|*| | | | | | |
  1: | | | | | | | |*| |
  0: |*| | | | |*|*| | |
 -1: -------------------


Place animal, position: (3,4)
 y\x  1 2 3 4 5 6 7 8 9
 10: -------------------
  9: | | | |*| | | | | |
  8: | | | | | | | | | |
  7: | | | | | | | | | |
  6: | |*| | | | | | | |
  5: | | | | |*| | | |*|
  4: | | |N| | | | | | |
  3: | | | |*| | | | | |
  2: | |N|*| | | | | | |
  1: | | | | | | | |*| |
  0: |*| | | | |*|*| | |
 -1: -------------------


Move animal from: (2,2) to: (2,3) direction: NORTH
 y\x  1 2 3 4 5 6 7 8 9
 10: -------------------
  9: | | | |*| | | | | |
  8: | | | | | | | | | |
  7: | | | | | | | | | |
  6: | |*| | | | | | | |
  5: | | | | |*| | | |*|
  4: | | |N| | | | | | |
  3: | |N| |*| | | | | |
  2: | | |*| | | | | | |
  1: | | | | | | | |*| |
  0: |*| | | | |*|*| | |
 -1: -------------------


Move animal from: (3,4) to: (3,5) direction: NORTH
 y\x  1 2 3 4 5 6 7 8 9
 10: -------------------
  9: | | | |*| | | | | |
  8: | | | | | | | | | |
  7: | | | | | | | | | |
  6: | |*| | | | | | | |
  5: | | |N| |*| | | |*|
  4: | | | | | | | | | |
  3: | |N| |*| | | | | |
  2: | | |*| | | | | | |
  1: | | | | | | | |*| |
  0: |*| | | | |*|*| | |
 -1: -------------------


Move animal from: (2,3) to: (2,4) direction: NORTH
 y\x  1 2 3 4 5 6 7 8 9
 10: -------------------
  9: | | | |*| | | | | |
  8: | | | | | | | | | |
  7: | | | | | | | | | |
  6: | |*| | | | | | | |
  5: | | |N| |*| | | |*|
  4: | |N| | | | | | | |
  3: | | | |*| | | | | |
  2: | | |*| | | | | | |
  1: | | | | | | | |*| |
  0: |*| | | | |*|*| | |
 -1: -------------------


Move animal from: (3,5) to: (3,6) direction: NORTH
 y\x  1 2 3 4 5 6 7 8 9
 10: -------------------
  9: | | | |*| | | | | |
  8: | | | | | | | | | |
  7: | | | | | | | | | |
  6: | |*|N| | | | | | |
  5: | | | | |*| | | |*|
  4: | |N| | | | | | | |
  3: | | | |*| | | | | |
  2: | | |*| | | | | | |
  1: | | | | | | | |*| |
  0: |*| | | | |*|*| | |
 -1: -------------------


Place animal, position: (2,2)
 y\x  0 1 2 3 4 5 6 7
 10: -----------------
  9: | | | | | |*|*| |
  8: | | |*| | | | |*|
  7: |*| | |*| | | | |
  6: | | | | | | | | |
  5: | | | |*| | | | |
  4: | | | | | | | | |
  3: | | |*|*| | | | |
  2: | | |N| | | | | |
  1: | | | | | | |*| |
  0: -----------------


Place animal, position: (3,4)
 y\x  0 1 2 3 4 5 6 7
 10: -----------------
  9: | | | | | |*|*| |
  8: | | |*| | | | |*|
  7: |*| | |*| | | | |
  6: | | | | | | | | |
  5: | | | |*| | | | |
  4: | | | |N| | | | |
  3: | | |*|*| | | | |
  2: | | |N| | | | | |
  1: | | | | | | |*| |
  0: -----------------


Move animal from: (2,2) to: (2,3) direction: NORTH
 y\x  0 1 2 3 4 5 6 7
 10: -----------------
  9: | | | | | |*|*| |
  8: | | |*| | | | |*|
  7: |*| | |*| | | | |
  6: | | | | | | | | |
  5: | | | |*| | | | |
  4: | | | |N| | | | |
  3: | | |N|*| | | | |
  2: | | | | | | | | |
  1: | | | | | | |*| |
  0: -----------------


Move animal from: (3,4) to: (3,5) direction: NORTH
 y\x  0 1 2 3 4 5 6 7
 10: -----------------
  9: | | | | | |*|*| |
  8: | | |*| | | | |*|
  7: |*| | |*| | | | |
  6: | | | | | | | | |
  5: | | | |N| | | | |
  4: | | | | | | | | |
  3: | | |N|*| | | | |
  2: | | | | | | | | |
  1: | | | | | | |*| |
  0: -----------------


Move animal from: (2,3) to: (2,4) direction: NORTH
 y\x  0 1 2 3 4 5 6 7
 10: -----------------
  9: | | | | | |*|*| |
  8: | | |*| | | | |*|
  7: |*| | |*| | | | |
  6: | | | | | | | | |
  5: | | | |N| | | | |
  4: | | |N| | | | | |
  3: | | |*|*| | | | |
  2: | | | | | | | | |
  1: | | | | | | |*| |
  0: -----------------


Place animal, position: (2,2)
 y\x  2 3 4 5 6 7 8 9
 10: -----------------
  9: | | | | | | |*| |
  8: | | | | | | | | |
  7: | | | | | |*| | |
  6: | |*| | | | | | |
  5: | | | | | | | | |
  4: | | | | | | | | |
  3: |*| | |*|*|*| | |
  2: |N| | | | |*| |*|
  1: | |*| | | | | | |
  0: -----------------


Place animal, position: (3,4)
 y\x  2 3 4 5 6 7 8 9
 10: -----------------
  9: | | | | | | |*| |
  8: | | | | | | | | |
  7: | | | | | |*| | |
  6: | |*| | | | | | |
  5: | | | | | | | | |
  4: | |N| | | | | | |
  3: |*| | |*|*|*| | |
  2: |N| | | | |*| |*|
  1: | |*| | | | | | |
  0: -----------------


Move animal from: (2,2) to: (2,3) direction: NORTH
 y\x  2 3 4 5 6 7 8 9
 10: -----------------
  9: | | | | | | |*| |
  8: | | | | | | | | |
  7: | | | | | |*| | |
  6: | |*| | | | | | |
  5: | | | | | | | | |
  4: | |N| | | | | | |
  3: |N| | |*|*|*| | |
  2: | | | | | |*| |*|
  1: | |*| | | | | | |
  0: -----------------


Move animal from: (3,4) to: (3,5) direction: NORTH
 y\x  2 3 4 5 6 7 8 9
 10: -----------------
  9: | | | | | | |*| |
  8: | | | | | | | | |
  7: | | | | | |*| | |
  6: | |*| | | | | | |
  5: | |N| | | | | | |
  4: | | | | | | | | |
  3: |N| | |*|*|*| | |
  2: | | | | | |*| |*|
  1: | |*| | | | | | |
  0: -----------------


Move animal from: (2,3) to: (2,4) direction: NORTH
 y\x  2 3 4 5 6 7 8 9
 10: -----------------
  9: | | | | | | |*| |
  8: | | | | | | | | |
  7: | | | | | |*| | |
  6: | |*| | | | | | |
  5: | |N| | | | | | |
  4: |N| | | | | | | |
  3: |*| | |*|*|*| | |
  2: | | | | | |*| |*|
  1: | |*| | | | | | |
  0: -----------------


Move animal from: (3,5) to: (3,6) direction: NORTH
 y\x  2 3 4 5 6 7 8 9
 10: -----------------
  9: | | | | | | |*| |
  8: | | | | | | | | |
  7: | | | | | |*| | |
  6: | |N| | | | | | |
  5: | | | | | | | | |
  4: |N| | | | | | | |
  3: |*| | |*|*|*| | |
  2: | | | | | |*| |*|
  1: | |*| | | | | | |
  0: -----------------


Move animal from: (2,4) to: (2,5) direction: NORTH
 y\x  2 3 4 5 6 7 8 9
 10: -----------------
  9: | | | | | | |*| |
  8: | | | | | | | | |
  7: | | | | | |*| | |
  6: | |N| | | | | | |
  5: |N| | | | | | | |
  4: | | | | | | | | |
  3: |*| | |*|*|*| | |
  2: | | | | | |*| |*|
  1: | |*| | | | | | |
  0: -----------------


Place animal, position: (2,2)
 y\x  0 1 2 3 4 5 6 7 8 9
 10: ---------------------
  9: | | | |*| | | | | | |
  8: | | |*| | | | | | | |
  7: | | | | | | |*| | | |
  6: | | | | | | | | | | |
  5: | | | | | | | | | |*|
  4: | | | |*| | | |*| | |
  3: | | | | | |*| | | | |
  2: | | |N| | | | | | | |
  1: |*| | | |*| | | | | |
  0: | |*| | | | | | | | |
 -1: ---------------------


Place animal, position: (3,4)
 y\x  0 1 2 3 4 5 6 7 8 9
 10: ---------------------
  9: | | | |*| | | | | | |
  8: | | |*| | | | | | | |
  7: | | | | | | |*| | | |
  6: | | | | | | | | | | |
  5: | | | | | | | | | |*|
  4: | | | |N| | | |*| | |
  3: | | | | | |*| | | | |
  2: | | |N| | | | | | | |
  1: |*| | | |*| | | | | |
  0: | |*| | | | | | | | |
 -1: ---------------------


Move animal from: (2,2) to: (2,3) direction: NORTH
 y\x  0 1 2 3 4 5 6 7 8 9
 10: ---------------------
  9: | | | |*| | | | | | |
  8: | | |*| | | | | | | |
  7: | | | | | | |*| | | |
  6: | | | | | | | | | | |
  5: | | | | | | | | | |*|
  4: | | | |N| | | |*| | |
  3: | | |N| | |*| | | | |
  2: | | | | | | | | | | |
  1: |*| | | |*| | | | | |
  0: | |*| | | | | | | | |
 -1: ---------------------


Move animal from: (3,4) to: (3,5) direction: NORTH
 y\x  0 1 2 3 4 5 6 7 8 9
 10: ---------------------
  9: | | | |*| | | | | | |
  8: | | |*| | | | | | | |
  7: | | | | | | |*| | | |
  6: | | | | | | | | | | |
  5: | | | |N| | | | | |*|
  4: | | | |*| | | |*| | |
  3: | | |N| | |*| | | | |
  2: | | | | | | | | | | |
  1: |*| | | |*| | | | | |
  0: | |*| | | | | | | | |
 -1: ---------------------


Move animal from: (2,3) to: (2,4) direction: NORTH
 y\x  0 1 2 3 4 5 6 7 8 9
 10: ---------------------
  9: | | | |*| | | | | | |
  8: | | |*| | | | | | | |
  7: | | | | | | |*| | | |
  6: | | | | | | | | | | |
  5: | | | |N| | | | | |*|
  4: | | |N|*| | | |*| | |
  3: | | | | | |*| | | | |
  2: | | | | | | | | | | |
  1: |*| | | |*| | | | | |
  0: | |*| | | | | | | | |
 -1: ---------------------


Move animal from: (3,5) to: (3,6) direction: NORTH
 y\x  0 1 2 3 4 5 6 7 8 9
 10: ---------------------
  9: | | | |*| | | | | | |
  8: | | |*| | | | | | | |
  7: | | | | | | |*| | | |
  6: | | | |N| | | | | | |
  5: | | | | | | | | | |*|
  4: | | |N|*| | | |*| | |
  3: | | | | | |*| | | | |
  2: | | | | | | | | | | |
  1: |*| | | |*| | | | | |
  0: | |*| | | | | | | | |
 -1: ---------------------


